<?xml version="1.0" encoding="UTF-8"?>
<!-- Generated by org.testng.reporters.JUnitXMLReporter -->
<testsuite hostname="DESKTOP-L4HPMBD" name="Default test" tests="3" failures="0" timestamp="6 Aug 2019 17:21:24 GMT" time="76.365" errors="0">
  <testcase name="test1" time="11.227" classname="com.Automation.Talks.demoProject2.TestClass1"/>
  <testcase name="test2" time="14.913" classname="com.Automation.Talks.demoProject2.TestClass1"/>
  <testcase name="test3" time="15.199" classname="com.Automation.Talks.demoProject2.TestClass1"/>
</testsuite> <!-- Default test -->
