<?xml version="1.0" encoding="UTF-8"?>
<!-- Generated by org.testng.reporters.JUnitXMLReporter -->
<testsuite hostname="DESKTOP-L4HPMBD" name="Test" tests="3" failures="0" timestamp="31 Jul 2019 22:50:45 GMT" time="56.167" errors="0">
  <testcase name="test1" time="5.729" classname="com.Automation.Talks.demoProject2.TestClass1"/>
  <testcase name="test2" time="4.927" classname="com.Automation.Talks.demoProject2.TestClass1"/>
  <testcase name="test3" time="6.96" classname="com.Automation.Talks.demoProject2.TestClass1"/>
</testsuite> <!-- Test -->
