<?xml version="1.0" encoding="UTF-8"?>
<!-- Generated by org.testng.reporters.JUnitXMLReporter -->
<testsuite hostname="DESKTOP-L4HPMBD" name="Test" tests="3" failures="0" timestamp="2 Aug 2019 22:37:11 GMT" time="57.942" errors="0">
  <testcase name="test1" time="8.612" classname="com.Automation.Talks.demoProject2.TestClass1"/>
  <testcase name="test2" time="4.036" classname="com.Automation.Talks.demoProject2.TestClass1"/>
  <testcase name="test3" time="4.6" classname="com.Automation.Talks.demoProject2.TestClass1"/>
</testsuite> <!-- Test -->
