<?xml version="1.0" encoding="UTF-8"?>
<!-- Generated by org.testng.reporters.JUnitXMLReporter -->
<testsuite hostname="DESKTOP-L4HPMBD" name="Test" tests="3" failures="0" timestamp="31 Jul 2019 23:04:00 GMT" time="59.506" errors="0">
  <testcase name="test1" time="8.878" classname="com.Automation.Talks.demoProject2.TestClass1"/>
  <testcase name="test2" time="6.469" classname="com.Automation.Talks.demoProject2.TestClass1"/>
  <testcase name="test3" time="5.436" classname="com.Automation.Talks.demoProject2.TestClass1"/>
</testsuite> <!-- Test -->
