<?xml version="1.0" encoding="UTF-8"?>
<testng-results skipped="0" failed="0" total="3" passed="3">
  <reporter-output>
  </reporter-output>
  <suite name="Suite" duration-ms="56167" started-at="2019-07-31T22:49:49Z" finished-at="2019-07-31T22:50:45Z">
    <groups>
    </groups>
    <test name="Test" duration-ms="56167" started-at="2019-07-31T22:49:49Z" finished-at="2019-07-31T22:50:45Z">
      <class name="com.Automation.Talks.demoProject2.TestClass1">
        <test-method status="PASS" signature="launchDriver()[pri:0, instance:com.Automation.Talks.demoProject2.TestClass1@3bfdc050]" name="launchDriver" is-config="true" duration-ms="13496" started-at="2019-07-31T18:49:49Z" finished-at="2019-07-31T18:50:03Z">
          <reporter-output>
          </reporter-output>
        </test-method> <!-- launchDriver -->
        <test-method status="PASS" signature="test1()[pri:0, instance:com.Automation.Talks.demoProject2.TestClass1@3bfdc050]" name="test1" duration-ms="5729" started-at="2019-07-31T18:50:03Z" finished-at="2019-07-31T18:50:08Z">
          <reporter-output>
          </reporter-output>
        </test-method> <!-- test1 -->
        <test-method status="PASS" signature="quit()[pri:0, instance:com.Automation.Talks.demoProject2.TestClass1@3bfdc050]" name="quit" is-config="true" duration-ms="2259" started-at="2019-07-31T18:50:08Z" finished-at="2019-07-31T18:50:11Z">
          <reporter-output>
          </reporter-output>
        </test-method> <!-- quit -->
        <test-method status="PASS" signature="launchDriver()[pri:0, instance:com.Automation.Talks.demoProject2.TestClass1@3bfdc050]" name="launchDriver" is-config="true" duration-ms="9980" started-at="2019-07-31T18:50:11Z" finished-at="2019-07-31T18:50:21Z">
          <reporter-output>
          </reporter-output>
        </test-method> <!-- launchDriver -->
        <test-method status="PASS" signature="test2()[pri:0, instance:com.Automation.Talks.demoProject2.TestClass1@3bfdc050]" name="test2" duration-ms="4927" started-at="2019-07-31T18:50:21Z" finished-at="2019-07-31T18:50:26Z">
          <reporter-output>
          </reporter-output>
        </test-method> <!-- test2 -->
        <test-method status="PASS" signature="quit()[pri:0, instance:com.Automation.Talks.demoProject2.TestClass1@3bfdc050]" name="quit" is-config="true" duration-ms="1381" started-at="2019-07-31T18:50:26Z" finished-at="2019-07-31T18:50:27Z">
          <reporter-output>
          </reporter-output>
        </test-method> <!-- quit -->
        <test-method status="PASS" signature="launchDriver()[pri:0, instance:com.Automation.Talks.demoProject2.TestClass1@3bfdc050]" name="launchDriver" is-config="true" duration-ms="10081" started-at="2019-07-31T18:50:27Z" finished-at="2019-07-31T18:50:37Z">
          <reporter-output>
          </reporter-output>
        </test-method> <!-- launchDriver -->
        <test-method status="PASS" signature="test3()[pri:0, instance:com.Automation.Talks.demoProject2.TestClass1@3bfdc050]" name="test3" duration-ms="6960" started-at="2019-07-31T18:50:37Z" finished-at="2019-07-31T18:50:44Z">
          <reporter-output>
          </reporter-output>
        </test-method> <!-- test3 -->
        <test-method status="PASS" signature="quit()[pri:0, instance:com.Automation.Talks.demoProject2.TestClass1@3bfdc050]" name="quit" is-config="true" duration-ms="1270" started-at="2019-07-31T18:50:44Z" finished-at="2019-07-31T18:50:45Z">
          <reporter-output>
          </reporter-output>
        </test-method> <!-- quit -->
      </class> <!-- com.Automation.Talks.demoProject2.TestClass1 -->
    </test> <!-- Test -->
  </suite> <!-- Suite -->
</testng-results>
