<?xml version="1.0" encoding="UTF-8"?>
<testng-results skipped="0" failed="0" total="3" passed="3">
  <reporter-output>
  </reporter-output>
  <suite name="Default suite" duration-ms="76365" started-at="2019-08-06T17:20:07Z" finished-at="2019-08-06T17:21:23Z">
    <groups>
    </groups>
    <test name="Default test" duration-ms="76365" started-at="2019-08-06T17:20:07Z" finished-at="2019-08-06T17:21:23Z">
      <class name="com.Automation.Talks.demoProject2.TestClass1">
        <test-method status="PASS" signature="launchDriver()[pri:0, instance:com.Automation.Talks.demoProject2.TestClass1@5e3a8624]" name="launchDriver" is-config="true" duration-ms="13169" started-at="2019-08-06T13:20:07Z" finished-at="2019-08-06T13:20:20Z">
          <reporter-output>
          </reporter-output>
        </test-method> <!-- launchDriver -->
        <test-method status="PASS" signature="test1()[pri:0, instance:com.Automation.Talks.demoProject2.TestClass1@5e3a8624]" name="test1" duration-ms="11227" started-at="2019-08-06T13:20:20Z" finished-at="2019-08-06T13:20:32Z">
          <reporter-output>
          </reporter-output>
        </test-method> <!-- test1 -->
        <test-method status="PASS" signature="quit()[pri:0, instance:com.Automation.Talks.demoProject2.TestClass1@5e3a8624]" name="quit" is-config="true" duration-ms="228" started-at="2019-08-06T13:20:32Z" finished-at="2019-08-06T13:20:32Z">
          <reporter-output>
          </reporter-output>
        </test-method> <!-- quit -->
        <test-method status="PASS" signature="launchDriver()[pri:0, instance:com.Automation.Talks.demoProject2.TestClass1@5e3a8624]" name="launchDriver" is-config="true" duration-ms="10666" started-at="2019-08-06T13:20:32Z" finished-at="2019-08-06T13:20:42Z">
          <reporter-output>
          </reporter-output>
        </test-method> <!-- launchDriver -->
        <test-method status="PASS" signature="test2()[pri:0, instance:com.Automation.Talks.demoProject2.TestClass1@5e3a8624]" name="test2" duration-ms="14913" started-at="2019-08-06T13:20:42Z" finished-at="2019-08-06T13:20:57Z">
          <reporter-output>
          </reporter-output>
        </test-method> <!-- test2 -->
        <test-method status="PASS" signature="quit()[pri:0, instance:com.Automation.Talks.demoProject2.TestClass1@5e3a8624]" name="quit" is-config="true" duration-ms="123" started-at="2019-08-06T13:20:57Z" finished-at="2019-08-06T13:20:58Z">
          <reporter-output>
          </reporter-output>
        </test-method> <!-- quit -->
        <test-method status="PASS" signature="launchDriver()[pri:0, instance:com.Automation.Talks.demoProject2.TestClass1@5e3a8624]" name="launchDriver" is-config="true" duration-ms="10643" started-at="2019-08-06T13:20:58Z" finished-at="2019-08-06T13:21:08Z">
          <reporter-output>
          </reporter-output>
        </test-method> <!-- launchDriver -->
        <test-method status="PASS" signature="test3()[pri:0, instance:com.Automation.Talks.demoProject2.TestClass1@5e3a8624]" name="test3" duration-ms="15199" started-at="2019-08-06T13:21:08Z" finished-at="2019-08-06T13:21:23Z">
          <reporter-output>
          </reporter-output>
        </test-method> <!-- test3 -->
        <test-method status="PASS" signature="quit()[pri:0, instance:com.Automation.Talks.demoProject2.TestClass1@5e3a8624]" name="quit" is-config="true" duration-ms="144" started-at="2019-08-06T13:21:23Z" finished-at="2019-08-06T13:21:23Z">
          <reporter-output>
          </reporter-output>
        </test-method> <!-- quit -->
      </class> <!-- com.Automation.Talks.demoProject2.TestClass1 -->
    </test> <!-- Default test -->
  </suite> <!-- Default suite -->
</testng-results>
